# JRE version: OpenJDK Runtime Environment Temurin-21.0.10+7 (21.0.10+7) (build 21.0.10+7-LTS)
# Java VM: OpenJDK 64-Bit Server VM Temurin-21.0.10+7 (21.0.10+7-LTS, mixed mode, sharing, tiered, compressed oops, compressed class ptrs, parallel gc, windows-amd64)
GC Precious Log:
 CardTable entry size: 512
 CPUs: 12 total, 12 available
 Memory: 7502M
 Large Page Support: Disabled
 NUMA Support: Disabled
 Compressed Oops: Enabled (32-bit)
 Alignments: Space 512K, Generation 512K, Heap 2M
 Heap Min Capacity: 100M
 Heap Initial Capacity: 100M
 Heap Max Capacity: 2G
 Pre-touch: Disabled
 Parallel Workers: 10
Heap:
 PSYoungGen      total 21504K, used 9785K [0x00000000d5580000, 0x00000000d6c00000, 0x0000000100000000)
  eden space 20992K, 46% used [0x00000000d5580000,0x00000000d5f0e6d8,0x00000000d6a00000)
  from space 512K, 0% used [0x00000000d6b80000,0x00000000d6b80000,0x00000000d6c00000)
  to   space 512K, 0% used [0x00000000d6a00000,0x00000000d6a00000,0x00000000d6a80000)
 ParOldGen       total 71680K, used 52926K [0x0000000080000000, 0x0000000084600000, 0x00000000d5580000)
  object space 71680K, 73% used [0x0000000080000000,0x00000000833af9f0,0x0000000084600000)
 Metaspace       used 59229K, committed 60672K, reserved 1114112K
  class space    used 6309K, committed 6976K, reserved 1048576K
GC Heap History (20 events):
Event: 84.677 GC heap before
{Heap before GC invocations=50 (full 2):
 PSYoungGen      total 23552K, used 22641K [0x00000000d5580000, 0x00000000d6e00000, 0x0000000100000000)
  eden space 22016K, 100% used [0x00000000d5580000,0x00000000d6b00000,0x00000000d6b00000)
  from space 1536K, 40% used [0x00000000d6b00000,0x00000000d6b9c7d0,0x00000000d6c80000)
  to   space 1024K, 0% used [0x00000000d6d00000,0x00000000d6d00000,0x00000000d6e00000)
 ParOldGen       total 68608K, used 66043K [0x0000000080000000, 0x0000000084300000, 0x00000000d5580000)
  object space 68608K, 96% used [0x0000000080000000,0x000000008407ec38,0x0000000084300000)
 Metaspace       used 53031K, committed 54272K, reserved 1114112K
  class space    used 5664K, committed 6208K, reserved 1048576K
}
Event: 84.678 GC heap after
{Heap after GC invocations=50 (full 2):
 PSYoungGen      total 23040K, used 596K [0x00000000d5580000, 0x00000000d6e00000, 0x0000000100000000)
  eden space 22016K, 0% used [0x00000000d5580000,0x00000000d5580000,0x00000000d6b00000)
  from space 1024K, 58% used [0x00000000d6d00000,0x00000000d6d95200,0x00000000d6e00000)
  to   space 1024K, 0% used [0x00000000d6c00000,0x00000000d6c00000,0x00000000d6d00000)
 ParOldGen       total 68608K, used 66395K [0x0000000080000000, 0x0000000084300000, 0x00000000d5580000)
  object space 68608K, 96% used [0x0000000080000000,0x00000000840d6c38,0x0000000084300000)
 Metaspace       used 53031K, committed 54272K, reserved 1114112K
  class space    used 5664K, committed 6208K, reserved 1048576K
}
Event: 84.753 GC heap before
{Heap before GC invocations=51 (full 2):
 PSYoungGen      total 23040K, used 22612K [0x00000000d5580000, 0x00000000d6e00000, 0x0000000100000000)
  eden space 22016K, 100% used [0x00000000d5580000,0x00000000d6b00000,0x00000000d6b00000)
  from space 1024K, 58% used [0x00000000d6d00000,0x00000000d6d95200,0x00000000d6e00000)
  to   space 1024K, 0% used [0x00000000d6c00000,0x00000000d6c00000,0x00000000d6d00000)
 ParOldGen       total 68608K, used 66395K [0x0000000080000000, 0x0000000084300000, 0x00000000d5580000)
  object space 68608K, 96% used [0x0000000080000000,0x00000000840d6c38,0x0000000084300000)
 Metaspace       used 53054K, committed 54336K, reserved 1114112K
  class space    used 5664K, committed 6208K, reserved 1048576K
}
Event: 84.754 GC heap after
{Heap after GC invocations=51 (full 2):
 PSYoungGen      total 23040K, used 583K [0x00000000d5580000, 0x00000000d6d80000, 0x0000000100000000)
  eden space 22016K, 0% used [0x00000000d5580000,0x00000000d5580000,0x00000000d6b00000)
  from space 1024K, 56% used [0x00000000d6c00000,0x00000000d6c91c68,0x00000000d6d00000)
  to   space 512K, 0% used [0x00000000d6d00000,0x00000000d6d00000,0x00000000d6d80000)
 ParOldGen       total 68608K, used 67583K [0x0000000080000000, 0x0000000084300000, 0x00000000d5580000)
  object space 68608K, 98% used [0x0000000080000000,0x00000000841fff40,0x0000000084300000)
 Metaspace       used 53054K, committed 54336K, reserved 1114112K
  class space    used 5664K, committed 6208K, reserved 1048576K
}
Event: 84.777 GC heap before
{Heap before GC invocations=52 (full 2):
 PSYoungGen      total 23040K, used 22599K [0x00000000d5580000, 0x00000000d6d80000, 0x0000000100000000)
  eden space 22016K, 100% used [0x00000000d5580000,0x00000000d6b00000,0x00000000d6b00000)
  from space 1024K, 56% used [0x00000000d6c00000,0x00000000d6c91c68,0x00000000d6d00000)
  to   space 512K, 0% used [0x00000000d6d00000,0x00000000d6d00000,0x00000000d6d80000)
 ParOldGen       total 68608K, used 67583K [0x0000000080000000, 0x0000000084300000, 0x00000000d5580000)
  object space 68608K, 98% used [0x0000000080000000,0x00000000841fff40,0x0000000084300000)
 Metaspace       used 53054K, committed 54336K, reserved 1114112K
  class space    used 5664K, committed 6208K, reserved 1048576K
}
Event: 84.778 GC heap after
{Heap after GC invocations=52 (full 2):
 PSYoungGen      total 22528K, used 512K [0x00000000d5580000, 0x00000000d6f00000, 0x0000000100000000)
  eden space 22016K, 0% used [0x00000000d5580000,0x00000000d5580000,0x00000000d6b00000)
  from space 512K, 100% used [0x00000000d6d00000,0x00000000d6d80000,0x00000000d6d80000)
  to   space 2048K, 0% used [0x00000000d6b00000,0x00000000d6b00000,0x00000000d6d00000)
 ParOldGen       total 68608K, used 68474K [0x0000000080000000, 0x0000000084300000, 0x00000000d5580000)
  object space 68608K, 99% used [0x0000000080000000,0x00000000842deb20,0x0000000084300000)
 Metaspace       used 53054K, committed 54336K, reserved 1114112K
  class space    used 5664K, committed 6208K, reserved 1048576K
}
Event: 85.172 GC heap before
{Heap before GC invocations=53 (full 2):
 PSYoungGen      total 22528K, used 22528K [0x00000000d5580000, 0x00000000d6f00000, 0x0000000100000000)
  eden space 22016K, 100% used [0x00000000d5580000,0x00000000d6b00000,0x00000000d6b00000)
  from space 512K, 100% used [0x00000000d6d00000,0x00000000d6d80000,0x00000000d6d80000)
  to   space 2048K, 0% used [0x00000000d6b00000,0x00000000d6b00000,0x00000000d6d00000)
 ParOldGen       total 68608K, used 68474K [0x0000000080000000, 0x0000000084300000, 0x00000000d5580000)
  object space 68608K, 99% used [0x0000000080000000,0x00000000842deb20,0x0000000084300000)
 Metaspace       used 53253K, committed 54592K, reserved 1114112K
  class space    used 5686K, committed 6272K, reserved 1048576K
}
Event: 85.176 GC heap after
{Heap after GC invocations=53 (full 2):
 PSYoungGen      total 23040K, used 880K [0x00000000d5580000, 0x00000000d6e00000, 0x0000000100000000)
  eden space 22016K, 0% used [0x00000000d5580000,0x00000000d5580000,0x00000000d6b00000)
  from space 1024K, 86% used [0x00000000d6b00000,0x00000000d6bdc340,0x00000000d6c00000)
  to   space 1536K, 0% used [0x00000000d6c80000,0x00000000d6c80000,0x00000000d6e00000)
 ParOldGen       total 69120K, used 69026K [0x0000000080000000, 0x0000000084380000, 0x00000000d5580000)
  object space 69120K, 99% used [0x0000000080000000,0x0000000084368b30,0x0000000084380000)
 Metaspace       used 53253K, committed 54592K, reserved 1114112K
  class space    used 5686K, committed 6272K, reserved 1048576K
}
Event: 85.969 GC heap before
{Heap before GC invocations=54 (full 2):
 PSYoungGen      total 23040K, used 22896K [0x00000000d5580000, 0x00000000d6e00000, 0x0000000100000000)
  eden space 22016K, 100% used [0x00000000d5580000,0x00000000d6b00000,0x00000000d6b00000)
  from space 1024K, 86% used [0x00000000d6b00000,0x00000000d6bdc340,0x00000000d6c00000)
  to   space 1536K, 0% used [0x00000000d6c80000,0x00000000d6c80000,0x00000000d6e00000)
 ParOldGen       total 69120K, used 69026K [0x0000000080000000, 0x0000000084380000, 0x00000000d5580000)
  object space 69120K, 99% used [0x0000000080000000,0x0000000084368b30,0x0000000084380000)
 Metaspace       used 55419K, committed 56768K, reserved 1114112K
  class space    used 5946K, committed 6528K, reserved 1048576K
}
Event: 85.970 GC heap after
{Heap after GC invocations=54 (full 2):
 PSYoungGen      total 23040K, used 860K [0x00000000d5580000, 0x00000000d6d80000, 0x0000000100000000)
  eden space 22016K, 0% used [0x00000000d5580000,0x00000000d5580000,0x00000000d6b00000)
  from space 1024K, 84% used [0x00000000d6c80000,0x00000000d6d57280,0x00000000d6d80000)
  to   space 1024K, 0% used [0x00000000d6b00000,0x00000000d6b00000,0x00000000d6c00000)
 ParOldGen       total 69632K, used 69437K [0x0000000080000000, 0x0000000084400000, 0x00000000d5580000)
  object space 69632K, 99% used [0x0000000080000000,0x00000000843cf5e8,0x0000000084400000)
 Metaspace       used 55419K, committed 56768K, reserved 1114112K
  class space    used 5946K, committed 6528K, reserved 1048576K
}
Event: 86.669 GC heap before
{Heap before GC invocations=55 (full 2):
 PSYoungGen      total 23040K, used 22876K [0x00000000d5580000, 0x00000000d6d80000, 0x0000000100000000)
  eden space 22016K, 100% used [0x00000000d5580000,0x00000000d6b00000,0x00000000d6b00000)
  from space 1024K, 84% used [0x00000000d6c80000,0x00000000d6d57280,0x00000000d6d80000)
  to   space 1024K, 0% used [0x00000000d6b00000,0x00000000d6b00000,0x00000000d6c00000)
 ParOldGen       total 69632K, used 69437K [0x0000000080000000, 0x0000000084400000, 0x00000000d5580000)
  object space 69632K, 99% used [0x0000000080000000,0x00000000843cf5e8,0x0000000084400000)
 Metaspace       used 56880K, committed 58240K, reserved 1114112K
  class space    used 6087K, committed 6656K, reserved 1048576K
}
Event: 86.670 GC heap after
{Heap after GC invocations=55 (full 2):
 PSYoungGen      total 23040K, used 576K [0x00000000d5580000, 0x00000000d6d00000, 0x0000000100000000)
  eden space 22016K, 0% used [0x00000000d5580000,0x00000000d5580000,0x00000000d6b00000)
  from space 1024K, 56% used [0x00000000d6b00000,0x00000000d6b90000,0x00000000d6c00000)
  to   space 1024K, 0% used [0x00000000d6c00000,0x00000000d6c00000,0x00000000d6d00000)
 ParOldGen       total 70144K, used 70072K [0x0000000080000000, 0x0000000084480000, 0x00000000d5580000)
  object space 70144K, 99% used [0x0000000080000000,0x000000008446e058,0x0000000084480000)
 Metaspace       used 56880K, committed 58240K, reserved 1114112K
  class space    used 6087K, committed 6656K, reserved 1048576K
}
Event: 86.799 GC heap before
{Heap before GC invocations=56 (full 2):
 PSYoungGen      total 23040K, used 22592K [0x00000000d5580000, 0x00000000d6d00000, 0x0000000100000000)
  eden space 22016K, 100% used [0x00000000d5580000,0x00000000d6b00000,0x00000000d6b00000)
  from space 1024K, 56% used [0x00000000d6b00000,0x00000000d6b90000,0x00000000d6c00000)
  to   space 1024K, 0% used [0x00000000d6c00000,0x00000000d6c00000,0x00000000d6d00000)
 ParOldGen       total 70144K, used 70072K [0x0000000080000000, 0x0000000084480000, 0x00000000d5580000)
  object space 70144K, 99% used [0x0000000080000000,0x000000008446e058,0x0000000084480000)
 Metaspace       used 57146K, committed 58496K, reserved 1114112K
  class space    used 6103K, committed 6656K, reserved 1048576K
}
Event: 86.801 GC heap after
{Heap after GC invocations=56 (full 2):
 PSYoungGen      total 22016K, used 996K [0x00000000d5580000, 0x00000000d6f00000, 0x0000000100000000)
  eden space 20992K, 0% used [0x00000000d5580000,0x00000000d5580000,0x00000000d6a00000)
  from space 1024K, 97% used [0x00000000d6c00000,0x00000000d6cf9000,0x00000000d6d00000)
  to   space 2048K, 0% used [0x00000000d6a00000,0x00000000d6a00000,0x00000000d6c00000)
 ParOldGen       total 71168K, used 70894K [0x0000000080000000, 0x0000000084580000, 0x00000000d5580000)
  object space 71168K, 99% used [0x0000000080000000,0x000000008453bb80,0x0000000084580000)
 Metaspace       used 57146K, committed 58496K, reserved 1114112K
  class space    used 6103K, committed 6656K, reserved 1048576K
}
Event: 87.087 GC heap before
{Heap before GC invocations=57 (full 2):
 PSYoungGen      total 22016K, used 21988K [0x00000000d5580000, 0x00000000d6f00000, 0x0000000100000000)
  eden space 20992K, 100% used [0x00000000d5580000,0x00000000d6a00000,0x00000000d6a00000)
  from space 1024K, 97% used [0x00000000d6c00000,0x00000000d6cf9000,0x00000000d6d00000)
  to   space 2048K, 0% used [0x00000000d6a00000,0x00000000d6a00000,0x00000000d6c00000)
 ParOldGen       total 71168K, used 70894K [0x0000000080000000, 0x0000000084580000, 0x00000000d5580000)
  object space 71168K, 99% used [0x0000000080000000,0x000000008453bb80,0x0000000084580000)
 Metaspace       used 58449K, committed 59776K, reserved 1114112K
  class space    used 6221K, committed 6784K, reserved 1048576K
}
Event: 87.088 GC heap after
{Heap after GC invocations=57 (full 2):
 PSYoungGen      total 21504K, used 429K [0x00000000d5580000, 0x00000000d6c80000, 0x0000000100000000)
  eden space 20992K, 0% used [0x00000000d5580000,0x00000000d5580000,0x00000000d6a00000)
  from space 512K, 83% used [0x00000000d6a00000,0x00000000d6a6b438,0x00000000d6a80000)
  to   space 1024K, 0% used [0x00000000d6b80000,0x00000000d6b80000,0x00000000d6c80000)
 ParOldGen       total 71168K, used 71078K [0x0000000080000000, 0x0000000084580000, 0x00000000d5580000)
  object space 71168K, 99% used [0x0000000080000000,0x0000000084569b80,0x0000000084580000)
 Metaspace       used 58449K, committed 59776K, reserved 1114112K
  class space    used 6221K, committed 6784K, reserved 1048576K
}
Event: 87.097 GC heap before
{Heap before GC invocations=58 (full 2):
 PSYoungGen      total 21504K, used 888K [0x00000000d5580000, 0x00000000d6c80000, 0x0000000100000000)
  eden space 20992K, 2% used [0x00000000d5580000,0x00000000d55f2c30,0x00000000d6a00000)
  from space 512K, 83% used [0x00000000d6a00000,0x00000000d6a6b438,0x00000000d6a80000)
  to   space 1024K, 0% used [0x00000000d6b80000,0x00000000d6b80000,0x00000000d6c80000)
 ParOldGen       total 71168K, used 71078K [0x0000000080000000, 0x0000000084580000, 0x00000000d5580000)
  object space 71168K, 99% used [0x0000000080000000,0x0000000084569b80,0x0000000084580000)
 Metaspace       used 58486K, committed 59776K, reserved 1114112K
  class space    used 6222K, committed 6784K, reserved 1048576K
}
Event: 87.098 GC heap after
{Heap after GC invocations=58 (full 2):
 PSYoungGen      total 21504K, used 256K [0x00000000d5580000, 0x00000000d6c00000, 0x0000000100000000)
  eden space 20992K, 0% used [0x00000000d5580000,0x00000000d5580000,0x00000000d6a00000)
  from space 512K, 50% used [0x00000000d6b80000,0x00000000d6bc0000,0x00000000d6c00000)
  to   space 512K, 0% used [0x00000000d6a00000,0x00000000d6a00000,0x00000000d6a80000)
 ParOldGen       total 71680K, used 71294K [0x0000000080000000, 0x0000000084600000, 0x00000000d5580000)
  object space 71680K, 99% used [0x0000000080000000,0x000000008459fb80,0x0000000084600000)
 Metaspace       used 58486K, committed 59776K, reserved 1114112K
  class space    used 6222K, committed 6784K, reserved 1048576K
}
Event: 87.098 GC heap before
{Heap before GC invocations=59 (full 3):
 PSYoungGen      total 21504K, used 256K [0x00000000d5580000, 0x00000000d6c00000, 0x0000000100000000)
  eden space 20992K, 0% used [0x00000000d5580000,0x00000000d5580000,0x00000000d6a00000)
  from space 512K, 50% used [0x00000000d6b80000,0x00000000d6bc0000,0x00000000d6c00000)
  to   space 512K, 0% used [0x00000000d6a00000,0x00000000d6a00000,0x00000000d6a80000)
 ParOldGen       total 71680K, used 71294K [0x0000000080000000, 0x0000000084600000, 0x00000000d5580000)
  object space 71680K, 99% used [0x0000000080000000,0x000000008459fb80,0x0000000084600000)
 Metaspace       used 58486K, committed 59776K, reserved 1114112K
  class space    used 6222K, committed 6784K, reserved 1048576K
}
Event: 87.816 GC heap after
{Heap after GC invocations=59 (full 3):
 PSYoungGen      total 21504K, used 0K [0x00000000d5580000, 0x00000000d6c00000, 0x0000000100000000)
  eden space 20992K, 0% used [0x00000000d5580000,0x00000000d5580000,0x00000000d6a00000)
  from space 512K, 0% used [0x00000000d6b80000,0x00000000d6b80000,0x00000000d6c00000)
  to   space 512K, 0% used [0x00000000d6a00000,0x00000000d6a00000,0x00000000d6a80000)
 ParOldGen       total 71680K, used 52926K [0x0000000080000000, 0x0000000084600000, 0x00000000d5580000)
  object space 71680K, 73% used [0x0000000080000000,0x00000000833af9f0,0x0000000084600000)
 Metaspace       used 58479K, committed 59776K, reserved 1114112K
  class space    used 6220K, committed 6784K, reserved 1048576K
}

