# JRE version: OpenJDK Runtime Environment Temurin-21.0.10+7 (21.0.10+7) (build 21.0.10+7-LTS)
# Java VM: OpenJDK 64-Bit Server VM Temurin-21.0.10+7 (21.0.10+7-LTS, mixed mode, sharing, tiered, compressed oops, compressed class ptrs, parallel gc, windows-amd64)
GC Precious Log:
 CardTable entry size: 512
 CPUs: 12 total, 12 available
 Memory: 7502M
 Large Page Support: Disabled
 NUMA Support: Disabled
 Compressed Oops: Enabled (32-bit)
 Alignments: Space 512K, Generation 512K, Heap 2M
 Heap Min Capacity: 100M
 Heap Initial Capacity: 100M
 Heap Max Capacity: 2G
 Pre-touch: Disabled
 Parallel Workers: 10
Heap:
 PSYoungGen      total 19968K, used 2039K [0x00000000d5580000, 0x00000000d6c80000, 0x0000000100000000)
  eden space 17920K, 0% used [0x00000000d5580000,0x00000000d5580000,0x00000000d6700000)
  from space 2048K, 99% used [0x00000000d6a80000,0x00000000d6c7dfd8,0x00000000d6c80000)
  to   space 2560K, 0% used [0x00000000d6800000,0x00000000d6800000,0x00000000d6a80000)
 ParOldGen       total 606208K, used 257947K [0x0000000080000000, 0x00000000a5000000, 0x00000000d5580000)
  object space 606208K, 42% used [0x0000000080000000,0x000000008fbe6c20,0x00000000a5000000)
 Metaspace       used 81788K, committed 83520K, reserved 1179648K
  class space    used 8103K, committed 8896K, reserved 1048576K
GC Heap History (20 events):
Event: 467.158 GC heap before
{Heap before GC invocations=1387 (full 5):
 PSYoungGen      total 20480K, used 20391K [0x00000000d5580000, 0x00000000d6d00000, 0x0000000100000000)
  eden space 17920K, 100% used [0x00000000d5580000,0x00000000d6700000,0x00000000d6700000)
  from space 2560K, 96% used [0x00000000d6800000,0x00000000d6a69ee8,0x00000000d6a80000)
  to   space 2560K, 0% used [0x00000000d6a80000,0x00000000d6a80000,0x00000000d6d00000)
 ParOldGen       total 606208K, used 233924K [0x0000000080000000, 0x00000000a5000000, 0x00000000d5580000)
  object space 606208K, 38% used [0x0000000080000000,0x000000008e471018,0x00000000a5000000)
 Metaspace       used 81739K, committed 83456K, reserved 1179648K
  class space    used 8103K, committed 8896K, reserved 1048576K
}
Event: 467.181 GC heap after
{Heap after GC invocations=1387 (full 5):
 PSYoungGen      total 19456K, used 1488K [0x00000000d5580000, 0x00000000d6c00000, 0x0000000100000000)
  eden space 17920K, 0% used [0x00000000d5580000,0x00000000d5580000,0x00000000d6700000)
  from space 1536K, 96% used [0x00000000d6a80000,0x00000000d6bf4030,0x00000000d6c00000)
  to   space 2048K, 0% used [0x00000000d6800000,0x00000000d6800000,0x00000000d6a00000)
 ParOldGen       total 606208K, used 236311K [0x0000000080000000, 0x00000000a5000000, 0x00000000d5580000)
  object space 606208K, 38% used [0x0000000080000000,0x000000008e6c5e70,0x00000000a5000000)
 Metaspace       used 81739K, committed 83456K, reserved 1179648K
  class space    used 8103K, committed 8896K, reserved 1048576K
}
Event: 467.308 GC heap before
{Heap before GC invocations=1388 (full 5):
 PSYoungGen      total 19456K, used 19408K [0x00000000d5580000, 0x00000000d6c00000, 0x0000000100000000)
  eden space 17920K, 100% used [0x00000000d5580000,0x00000000d6700000,0x00000000d6700000)
  from space 1536K, 96% used [0x00000000d6a80000,0x00000000d6bf4030,0x00000000d6c00000)
  to   space 2048K, 0% used [0x00000000d6800000,0x00000000d6800000,0x00000000d6a00000)
 ParOldGen       total 606208K, used 236311K [0x0000000080000000, 0x00000000a5000000, 0x00000000d5580000)
  object space 606208K, 38% used [0x0000000080000000,0x000000008e6c5e70,0x00000000a5000000)
 Metaspace       used 81741K, committed 83456K, reserved 1179648K
  class space    used 8103K, committed 8896K, reserved 1048576K
}
Event: 467.323 GC heap after
{Heap after GC invocations=1388 (full 5):
 PSYoungGen      total 19968K, used 2032K [0x00000000d5580000, 0x00000000d6f00000, 0x0000000100000000)
  eden space 17920K, 0% used [0x00000000d5580000,0x00000000d5580000,0x00000000d6700000)
  from space 2048K, 99% used [0x00000000d6800000,0x00000000d69fc030,0x00000000d6a00000)
  to   space 4096K, 0% used [0x00000000d6b00000,0x00000000d6b00000,0x00000000d6f00000)
 ParOldGen       total 606208K, used 237829K [0x0000000080000000, 0x00000000a5000000, 0x00000000d5580000)
  object space 606208K, 39% used [0x0000000080000000,0x000000008e8416e8,0x00000000a5000000)
 Metaspace       used 81741K, committed 83456K, reserved 1179648K
  class space    used 8103K, committed 8896K, reserved 1048576K
}
Event: 467.467 GC heap before
{Heap before GC invocations=1389 (full 5):
 PSYoungGen      total 19968K, used 19952K [0x00000000d5580000, 0x00000000d6f00000, 0x0000000100000000)
  eden space 17920K, 100% used [0x00000000d5580000,0x00000000d6700000,0x00000000d6700000)
  from space 2048K, 99% used [0x00000000d6800000,0x00000000d69fc030,0x00000000d6a00000)
  to   space 4096K, 0% used [0x00000000d6b00000,0x00000000d6b00000,0x00000000d6f00000)
 ParOldGen       total 606208K, used 237829K [0x0000000080000000, 0x00000000a5000000, 0x00000000d5580000)
  object space 606208K, 39% used [0x0000000080000000,0x000000008e8416e8,0x00000000a5000000)
 Metaspace       used 81746K, committed 83456K, reserved 1179648K
  class space    used 8103K, committed 8896K, reserved 1048576K
}
Event: 467.487 GC heap after
{Heap after GC invocations=1389 (full 5):
 PSYoungGen      total 20480K, used 2217K [0x00000000d5580000, 0x00000000d6d80000, 0x0000000100000000)
  eden space 17920K, 0% used [0x00000000d5580000,0x00000000d5580000,0x00000000d6700000)
  from space 2560K, 86% used [0x00000000d6b00000,0x00000000d6d2a720,0x00000000d6d80000)
  to   space 3072K, 0% used [0x00000000d6780000,0x00000000d6780000,0x00000000d6a80000)
 ParOldGen       total 606208K, used 239794K [0x0000000080000000, 0x00000000a5000000, 0x00000000d5580000)
  object space 606208K, 39% used [0x0000000080000000,0x000000008ea2ca58,0x00000000a5000000)
 Metaspace       used 81746K, committed 83456K, reserved 1179648K
  class space    used 8103K, committed 8896K, reserved 1048576K
}
Event: 467.708 GC heap before
{Heap before GC invocations=1390 (full 5):
 PSYoungGen      total 20480K, used 20137K [0x00000000d5580000, 0x00000000d6d80000, 0x0000000100000000)
  eden space 17920K, 100% used [0x00000000d5580000,0x00000000d6700000,0x00000000d6700000)
  from space 2560K, 86% used [0x00000000d6b00000,0x00000000d6d2a720,0x00000000d6d80000)
  to   space 3072K, 0% used [0x00000000d6780000,0x00000000d6780000,0x00000000d6a80000)
 ParOldGen       total 606208K, used 239794K [0x0000000080000000, 0x00000000a5000000, 0x00000000d5580000)
  object space 606208K, 39% used [0x0000000080000000,0x000000008ea2ca58,0x00000000a5000000)
 Metaspace       used 81750K, committed 83456K, reserved 1179648K
  class space    used 8103K, committed 8896K, reserved 1048576K
}
Event: 467.733 GC heap after
{Heap after GC invocations=1390 (full 5):
 PSYoungGen      total 20480K, used 2152K [0x00000000d5580000, 0x00000000d6c00000, 0x0000000100000000)
  eden space 17920K, 0% used [0x00000000d5580000,0x00000000d5580000,0x00000000d6700000)
  from space 2560K, 84% used [0x00000000d6780000,0x00000000d699a1b8,0x00000000d6a00000)
  to   space 2048K, 0% used [0x00000000d6a00000,0x00000000d6a00000,0x00000000d6c00000)
 ParOldGen       total 606208K, used 241781K [0x0000000080000000, 0x00000000a5000000, 0x00000000d5580000)
  object space 606208K, 39% used [0x0000000080000000,0x000000008ec1d5b0,0x00000000a5000000)
 Metaspace       used 81750K, committed 83456K, reserved 1179648K
  class space    used 8103K, committed 8896K, reserved 1048576K
}
Event: 467.871 GC heap before
{Heap before GC invocations=1391 (full 5):
 PSYoungGen      total 20480K, used 20072K [0x00000000d5580000, 0x00000000d6c00000, 0x0000000100000000)
  eden space 17920K, 100% used [0x00000000d5580000,0x00000000d6700000,0x00000000d6700000)
  from space 2560K, 84% used [0x00000000d6780000,0x00000000d699a1b8,0x00000000d6a00000)
  to   space 2048K, 0% used [0x00000000d6a00000,0x00000000d6a00000,0x00000000d6c00000)
 ParOldGen       total 606208K, used 241781K [0x0000000080000000, 0x00000000a5000000, 0x00000000d5580000)
  object space 606208K, 39% used [0x0000000080000000,0x000000008ec1d5b0,0x00000000a5000000)
 Metaspace       used 81752K, committed 83456K, reserved 1179648K
  class space    used 8103K, committed 8896K, reserved 1048576K
}
Event: 467.890 GC heap after
{Heap after GC invocations=1391 (full 5):
 PSYoungGen      total 19968K, used 1912K [0x00000000d5580000, 0x00000000d6c00000, 0x0000000100000000)
  eden space 17920K, 0% used [0x00000000d5580000,0x00000000d5580000,0x00000000d6700000)
  from space 2048K, 93% used [0x00000000d6a00000,0x00000000d6bde358,0x00000000d6c00000)
  to   space 2048K, 0% used [0x00000000d6800000,0x00000000d6800000,0x00000000d6a00000)
 ParOldGen       total 606208K, used 243832K [0x0000000080000000, 0x00000000a5000000, 0x00000000d5580000)
  object space 606208K, 40% used [0x0000000080000000,0x000000008ee1e390,0x00000000a5000000)
 Metaspace       used 81752K, committed 83456K, reserved 1179648K
  class space    used 8103K, committed 8896K, reserved 1048576K
}
Event: 481.407 GC heap before
{Heap before GC invocations=1392 (full 5):
 PSYoungGen      total 19968K, used 19832K [0x00000000d5580000, 0x00000000d6c00000, 0x0000000100000000)
  eden space 17920K, 99% used [0x00000000d5580000,0x00000000d66fffd0,0x00000000d6700000)
  from space 2048K, 93% used [0x00000000d6a00000,0x00000000d6bde358,0x00000000d6c00000)
  to   space 2048K, 0% used [0x00000000d6800000,0x00000000d6800000,0x00000000d6a00000)
 ParOldGen       total 606208K, used 243832K [0x0000000080000000, 0x00000000a5000000, 0x00000000d5580000)
  object space 606208K, 40% used [0x0000000080000000,0x000000008ee1e390,0x00000000a5000000)
 Metaspace       used 81779K, committed 83520K, reserved 1179648K
  class space    used 8103K, committed 8896K, reserved 1048576K
}
Event: 481.983 GC heap after
{Heap after GC invocations=1392 (full 5):
 PSYoungGen      total 19968K, used 1814K [0x00000000d5580000, 0x00000000d6b00000, 0x0000000100000000)
  eden space 17920K, 0% used [0x00000000d5580000,0x00000000d5580000,0x00000000d6700000)
  from space 2048K, 88% used [0x00000000d6800000,0x00000000d69c5a68,0x00000000d6a00000)
  to   space 1024K, 0% used [0x00000000d6a00000,0x00000000d6a00000,0x00000000d6b00000)
 ParOldGen       total 606208K, used 245588K [0x0000000080000000, 0x00000000a5000000, 0x00000000d5580000)
  object space 606208K, 40% used [0x0000000080000000,0x000000008efd5078,0x00000000a5000000)
 Metaspace       used 81779K, committed 83520K, reserved 1179648K
  class space    used 8103K, committed 8896K, reserved 1048576K
}
Event: 483.736 GC heap before
{Heap before GC invocations=1393 (full 5):
 PSYoungGen      total 19968K, used 19734K [0x00000000d5580000, 0x00000000d6b00000, 0x0000000100000000)
  eden space 17920K, 100% used [0x00000000d5580000,0x00000000d6700000,0x00000000d6700000)
  from space 2048K, 88% used [0x00000000d6800000,0x00000000d69c5a68,0x00000000d6a00000)
  to   space 1024K, 0% used [0x00000000d6a00000,0x00000000d6a00000,0x00000000d6b00000)
 ParOldGen       total 606208K, used 245588K [0x0000000080000000, 0x00000000a5000000, 0x00000000d5580000)
  object space 606208K, 40% used [0x0000000080000000,0x000000008efd5078,0x00000000a5000000)
 Metaspace       used 81785K, committed 83520K, reserved 1179648K
  class space    used 8103K, committed 8896K, reserved 1048576K
}
Event: 483.875 GC heap after
{Heap after GC invocations=1393 (full 5):
 PSYoungGen      total 18944K, used 1009K [0x00000000d5580000, 0x00000000d6d00000, 0x0000000100000000)
  eden space 17920K, 0% used [0x00000000d5580000,0x00000000d5580000,0x00000000d6700000)
  from space 1024K, 98% used [0x00000000d6a00000,0x00000000d6afc490,0x00000000d6b00000)
  to   space 3072K, 0% used [0x00000000d6700000,0x00000000d6700000,0x00000000d6a00000)
 ParOldGen       total 606208K, used 247125K [0x0000000080000000, 0x00000000a5000000, 0x00000000d5580000)
  object space 606208K, 40% used [0x0000000080000000,0x000000008f1556e8,0x00000000a5000000)
 Metaspace       used 81785K, committed 83520K, reserved 1179648K
  class space    used 8103K, committed 8896K, reserved 1048576K
}
Event: 484.968 GC heap before
{Heap before GC invocations=1394 (full 5):
 PSYoungGen      total 18944K, used 18929K [0x00000000d5580000, 0x00000000d6d00000, 0x0000000100000000)
  eden space 17920K, 100% used [0x00000000d5580000,0x00000000d6700000,0x00000000d6700000)
  from space 1024K, 98% used [0x00000000d6a00000,0x00000000d6afc490,0x00000000d6b00000)
  to   space 3072K, 0% used [0x00000000d6700000,0x00000000d6700000,0x00000000d6a00000)
 ParOldGen       total 606208K, used 247125K [0x0000000080000000, 0x00000000a5000000, 0x00000000d5580000)
  object space 606208K, 40% used [0x0000000080000000,0x000000008f1556e8,0x00000000a5000000)
 Metaspace       used 81788K, committed 83520K, reserved 1179648K
  class space    used 8103K, committed 8896K, reserved 1048576K
}
Event: 484.988 GC heap after
{Heap after GC invocations=1394 (full 5):
 PSYoungGen      total 20992K, used 3067K [0x00000000d5580000, 0x00000000d7100000, 0x0000000100000000)
  eden space 17920K, 0% used [0x00000000d5580000,0x00000000d5580000,0x00000000d6700000)
  from space 3072K, 99% used [0x00000000d6700000,0x00000000d69fed20,0x00000000d6a00000)
  to   space 5120K, 0% used [0x00000000d6c00000,0x00000000d6c00000,0x00000000d7100000)
 ParOldGen       total 606208K, used 248461K [0x0000000080000000, 0x00000000a5000000, 0x00000000d5580000)
  object space 606208K, 40% used [0x0000000080000000,0x000000008f2a3718,0x00000000a5000000)
 Metaspace       used 81788K, committed 83520K, reserved 1179648K
  class space    used 8103K, committed 8896K, reserved 1048576K
}
Event: 485.429 GC heap before
{Heap before GC invocations=1395 (full 5):
 PSYoungGen      total 20992K, used 20987K [0x00000000d5580000, 0x00000000d7100000, 0x0000000100000000)
  eden space 17920K, 100% used [0x00000000d5580000,0x00000000d6700000,0x00000000d6700000)
  from space 3072K, 99% used [0x00000000d6700000,0x00000000d69fed20,0x00000000d6a00000)
  to   space 5120K, 0% used [0x00000000d6c00000,0x00000000d6c00000,0x00000000d7100000)
 ParOldGen       total 606208K, used 248461K [0x0000000080000000, 0x00000000a5000000, 0x00000000d5580000)
  object space 606208K, 40% used [0x0000000080000000,0x000000008f2a3718,0x00000000a5000000)
 Metaspace       used 81788K, committed 83520K, reserved 1179648K
  class space    used 8103K, committed 8896K, reserved 1048576K
}
Event: 485.587 GC heap after
{Heap after GC invocations=1395 (full 5):
 PSYoungGen      total 19968K, used 1964K [0x00000000d5580000, 0x00000000d6e00000, 0x0000000100000000)
  eden space 17920K, 0% used [0x00000000d5580000,0x00000000d5580000,0x00000000d6700000)
  from space 2048K, 95% used [0x00000000d6c00000,0x00000000d6deb0a8,0x00000000d6e00000)
  to   space 3072K, 0% used [0x00000000d6800000,0x00000000d6800000,0x00000000d6b00000)
 ParOldGen       total 606208K, used 251519K [0x0000000080000000, 0x00000000a5000000, 0x00000000d5580000)
  object space 606208K, 41% used [0x0000000080000000,0x000000008f59fe90,0x00000000a5000000)
 Metaspace       used 81788K, committed 83520K, reserved 1179648K
  class space    used 8103K, committed 8896K, reserved 1048576K
}
Event: 486.133 GC heap before
{Heap before GC invocations=1396 (full 5):
 PSYoungGen      total 19968K, used 19884K [0x00000000d5580000, 0x00000000d6e00000, 0x0000000100000000)
  eden space 17920K, 100% used [0x00000000d5580000,0x00000000d6700000,0x00000000d6700000)
  from space 2048K, 95% used [0x00000000d6c00000,0x00000000d6deb0a8,0x00000000d6e00000)
  to   space 3072K, 0% used [0x00000000d6800000,0x00000000d6800000,0x00000000d6b00000)
 ParOldGen       total 606208K, used 251519K [0x0000000080000000, 0x00000000a5000000, 0x00000000d5580000)
  object space 606208K, 41% used [0x0000000080000000,0x000000008f59fe90,0x00000000a5000000)
 Metaspace       used 81788K, committed 83520K, reserved 1179648K
  class space    used 8103K, committed 8896K, reserved 1048576K
}
Event: 486.232 GC heap after
{Heap after GC invocations=1396 (full 5):
 PSYoungGen      total 20480K, used 2314K [0x00000000d5580000, 0x00000000d6c80000, 0x0000000100000000)
  eden space 17920K, 0% used [0x00000000d5580000,0x00000000d5580000,0x00000000d6700000)
  from space 2560K, 90% used [0x00000000d6800000,0x00000000d6a429d8,0x00000000d6a80000)
  to   space 2048K, 0% used [0x00000000d6a80000,0x00000000d6a80000,0x00000000d6c80000)
 ParOldGen       total 606208K, used 253328K [0x0000000080000000, 0x00000000a5000000, 0x00000000d5580000)
  object space 606208K, 41% used [0x0000000080000000,0x000000008f764368,0x00000000a5000000)
 Metaspace       used 81788K, committed 83520K, reserved 1179648K
  class space    used 8103K, committed 8896K, reserved 1048576K
}

