# JRE version: Java(TM) SE Runtime Environment (21.0.1+12) (build 21.0.1+12-LTS-29)
# Java VM: Java HotSpot(TM) 64-Bit Server VM (21.0.1+12-LTS-29, mixed mode, emulated-client, sharing, tiered, compressed oops, compressed class ptrs, g1 gc, windows-amd64)
GC Precious Log:
 CardTable entry size: 512
 Card Set container configuration: InlinePtr #cards 5 size 8 Array Of Cards #cards 12 size 40 Howl #buckets 4 coarsen threshold 1843 Howl Bitmap #cards 512 size 80 coarsen threshold 460 Card regions per heap region 1 cards per card region 2048
 CPUs: 12 total, 12 available
 Memory: 7502M
 Large Page Support: Disabled
 NUMA Support: Disabled
 Compressed Oops: Enabled (32-bit)
 Heap Region Size: 1M
 Heap Min Capacity: 8M
 Heap Initial Capacity: 118M
 Heap Max Capacity: 1876M
 Pre-touch: Disabled
 Parallel Workers: 10
 Concurrent Workers: 3
 Concurrent Refinement Workers: 10
 Periodic GC: Disabled
Heap:
 garbage-first heap   total 143360K, used 49852K [0x000000008ac00000, 0x0000000100000000)
  region size 1024K, 1 young (1024K), 1 survivors (1024K)
 Metaspace       used 92691K, committed 95616K, reserved 1179648K
  class space    used 13002K, committed 13888K, reserved 1048576K
GC Heap History (20 events):
Event: 1624.882 GC heap after
{Heap after GC invocations=102 (full 4):
 garbage-first heap   total 143360K, used 52957K [0x000000008ac00000, 0x0000000100000000)
  region size 1024K, 1 young (1024K), 1 survivors (1024K)
 Metaspace       used 92654K, committed 95616K, reserved 1179648K
  class space    used 12987K, committed 13888K, reserved 1048576K
}
Event: 1668.899 GC heap before
{Heap before GC invocations=102 (full 4):
 garbage-first heap   total 143360K, used 133853K [0x000000008ac00000, 0x0000000100000000)
  region size 1024K, 80 young (81920K), 1 survivors (1024K)
 Metaspace       used 92680K, committed 95616K, reserved 1179648K
  class space    used 12999K, committed 13888K, reserved 1048576K
}
Event: 1668.931 GC heap after
{Heap after GC invocations=103 (full 4):
 garbage-first heap   total 143360K, used 51330K [0x000000008ac00000, 0x0000000100000000)
  region size 1024K, 1 young (1024K), 1 survivors (1024K)
 Metaspace       used 92680K, committed 95616K, reserved 1179648K
  class space    used 12999K, committed 13888K, reserved 1048576K
}
Event: 1714.307 GC heap before
{Heap before GC invocations=103 (full 4):
 garbage-first heap   total 143360K, used 134274K [0x000000008ac00000, 0x0000000100000000)
  region size 1024K, 82 young (83968K), 1 survivors (1024K)
 Metaspace       used 92687K, committed 95616K, reserved 1179648K
  class space    used 13001K, committed 13888K, reserved 1048576K
}
Event: 1714.318 GC heap after
{Heap after GC invocations=104 (full 4):
 garbage-first heap   total 143360K, used 51378K [0x000000008ac00000, 0x0000000100000000)
  region size 1024K, 1 young (1024K), 1 survivors (1024K)
 Metaspace       used 92687K, committed 95616K, reserved 1179648K
  class space    used 13001K, committed 13888K, reserved 1048576K
}
Event: 1759.719 GC heap before
{Heap before GC invocations=105 (full 4):
 garbage-first heap   total 143360K, used 134322K [0x000000008ac00000, 0x0000000100000000)
  region size 1024K, 82 young (83968K), 1 survivors (1024K)
 Metaspace       used 92687K, committed 95616K, reserved 1179648K
  class space    used 13001K, committed 13888K, reserved 1048576K
}
Event: 1759.724 GC heap after
{Heap after GC invocations=106 (full 4):
 garbage-first heap   total 143360K, used 51505K [0x000000008ac00000, 0x0000000100000000)
  region size 1024K, 1 young (1024K), 1 survivors (1024K)
 Metaspace       used 92687K, committed 95616K, reserved 1179648K
  class space    used 13001K, committed 13888K, reserved 1048576K
}
Event: 1805.648 GC heap before
{Heap before GC invocations=106 (full 4):
 garbage-first heap   total 143360K, used 134449K [0x000000008ac00000, 0x0000000100000000)
  region size 1024K, 82 young (83968K), 1 survivors (1024K)
 Metaspace       used 92687K, committed 95616K, reserved 1179648K
  class space    used 13001K, committed 13888K, reserved 1048576K
}
Event: 1805.681 GC heap after
{Heap after GC invocations=107 (full 4):
 garbage-first heap   total 143360K, used 50350K [0x000000008ac00000, 0x0000000100000000)
  region size 1024K, 1 young (1024K), 1 survivors (1024K)
 Metaspace       used 92687K, committed 95616K, reserved 1179648K
  class space    used 13001K, committed 13888K, reserved 1048576K
}
Event: 1853.813 GC heap before
{Heap before GC invocations=107 (full 4):
 garbage-first heap   total 143360K, used 134318K [0x000000008ac00000, 0x0000000100000000)
  region size 1024K, 83 young (84992K), 1 survivors (1024K)
 Metaspace       used 92687K, committed 95616K, reserved 1179648K
  class space    used 13001K, committed 13888K, reserved 1048576K
}
Event: 1853.827 GC heap after
{Heap after GC invocations=108 (full 4):
 garbage-first heap   total 143360K, used 50557K [0x000000008ac00000, 0x0000000100000000)
  region size 1024K, 1 young (1024K), 1 survivors (1024K)
 Metaspace       used 92687K, committed 95616K, reserved 1179648K
  class space    used 13001K, committed 13888K, reserved 1048576K
}
Event: 1930.289 GC heap before
{Heap before GC invocations=109 (full 4):
 garbage-first heap   total 143360K, used 134525K [0x000000008ac00000, 0x0000000100000000)
  region size 1024K, 83 young (84992K), 1 survivors (1024K)
 Metaspace       used 92687K, committed 95616K, reserved 1179648K
  class space    used 13001K, committed 13888K, reserved 1048576K
}
Event: 1931.367 GC heap after
{Heap after GC invocations=110 (full 4):
 garbage-first heap   total 143360K, used 50792K [0x000000008ac00000, 0x0000000100000000)
  region size 1024K, 1 young (1024K), 1 survivors (1024K)
 Metaspace       used 92687K, committed 95616K, reserved 1179648K
  class space    used 13001K, committed 13888K, reserved 1048576K
}
Event: 1978.838 GC heap before
{Heap before GC invocations=110 (full 4):
 garbage-first heap   total 143360K, used 130664K [0x000000008ac00000, 0x0000000100000000)
  region size 1024K, 79 young (80896K), 1 survivors (1024K)
 Metaspace       used 92687K, committed 95616K, reserved 1179648K
  class space    used 13001K, committed 13888K, reserved 1048576K
}
Event: 1979.332 GC heap after
{Heap after GC invocations=111 (full 4):
 garbage-first heap   total 143360K, used 50258K [0x000000008ac00000, 0x0000000100000000)
  region size 1024K, 1 young (1024K), 1 survivors (1024K)
 Metaspace       used 92687K, committed 95616K, reserved 1179648K
  class space    used 13001K, committed 13888K, reserved 1048576K
}
Event: 1982.542 GC heap before
{Heap before GC invocations=111 (full 4):
 garbage-first heap   total 143360K, used 56402K [0x000000008ac00000, 0x0000000100000000)
  region size 1024K, 7 young (7168K), 1 survivors (1024K)
 Metaspace       used 92687K, committed 95616K, reserved 1179648K
  class space    used 13001K, committed 13888K, reserved 1048576K
}
Event: 1982.574 GC heap after
{Heap after GC invocations=112 (full 4):
 garbage-first heap   total 143360K, used 49772K [0x000000008ac00000, 0x0000000100000000)
  region size 1024K, 1 young (1024K), 1 survivors (1024K)
 Metaspace       used 92687K, committed 95616K, reserved 1179648K
  class space    used 13001K, committed 13888K, reserved 1048576K
}
Event: 2005.966 GC heap before
{Heap before GC invocations=112 (full 4):
 garbage-first heap   total 143360K, used 86636K [0x000000008ac00000, 0x0000000100000000)
  region size 1024K, 37 young (37888K), 1 survivors (1024K)
 Metaspace       used 92691K, committed 95616K, reserved 1179648K
  class space    used 13002K, committed 13888K, reserved 1048576K
}
Event: 2006.835 GC heap after
{Heap after GC invocations=113 (full 4):
 garbage-first heap   total 143360K, used 49559K [0x000000008ac00000, 0x0000000100000000)
  region size 1024K, 1 young (1024K), 1 survivors (1024K)
 Metaspace       used 92691K, committed 95616K, reserved 1179648K
  class space    used 13002K, committed 13888K, reserved 1048576K
}
Event: 2012.564 GC heap before
{Heap before GC invocations=114 (full 4):
 garbage-first heap   total 143360K, used 55703K [0x000000008ac00000, 0x0000000100000000)
  region size 1024K, 7 young (7168K), 1 survivors (1024K)
 Metaspace       used 92691K, committed 95616K, reserved 1179648K
  class space    used 13002K, committed 13888K, reserved 1048576K
}

